[1.262s] Invoking command in '/home/amane/ros2_practice/src/my_pi_pkg': PYTHONPATH=/home/amane/ros2_practice/build/my_pi_pkg/prefix_override:/usr/lib/python3/dist-packages/colcon_core/task/python/colcon_distutils_commands:/home/amane/ros2_practice/install/my_pi_pkg/lib/python3.12/site-packages:${PYTHONPATH} /usr/bin/python3 -W ignore:setup.py install is deprecated -W ignore:easy_install command is deprecated setup.py egg_info --egg-base ../../build/my_pi_pkg build --build-base /home/amane/ros2_practice/build/my_pi_pkg/build install --record /home/amane/ros2_practice/build/my_pi_pkg/install.log --single-version-externally-managed install_data
[1.574s] running egg_info
[1.595s] writing ../../build/my_pi_pkg/my_pi_pkg.egg-info/PKG-INFO
[1.595s] writing dependency_links to ../../build/my_pi_pkg/my_pi_pkg.egg-info/dependency_links.txt
[1.596s] writing entry points to ../../build/my_pi_pkg/my_pi_pkg.egg-info/entry_points.txt
[1.596s] writing requirements to ../../build/my_pi_pkg/my_pi_pkg.egg-info/requires.txt
[1.597s] writing top-level names to ../../build/my_pi_pkg/my_pi_pkg.egg-info/top_level.txt
[1.649s] reading manifest file '../../build/my_pi_pkg/my_pi_pkg.egg-info/SOURCES.txt'
[1.651s] writing manifest file '../../build/my_pi_pkg/my_pi_pkg.egg-info/SOURCES.txt'
[1.651s] running build
[1.651s] running build_py
[1.652s] copying my_pi_pkg/my_first_node.py -> /home/amane/ros2_practice/build/my_pi_pkg/build/lib/my_pi_pkg
[1.652s] running install
[1.658s] running install_lib
[1.688s] copying /home/amane/ros2_practice/build/my_pi_pkg/build/lib/my_pi_pkg/my_first_node.py -> /home/amane/ros2_practice/install/my_pi_pkg/lib/python3.12/site-packages/my_pi_pkg
[1.688s] byte-compiling /home/amane/ros2_practice/install/my_pi_pkg/lib/python3.12/site-packages/my_pi_pkg/my_first_node.py to my_first_node.cpython-312.pyc
[1.690s] running install_data
[1.690s] running install_egg_info
[1.716s] removing '/home/amane/ros2_practice/install/my_pi_pkg/lib/python3.12/site-packages/my_pi_pkg-0.0.0-py3.12.egg-info' (and everything under it)
[1.719s] Copying ../../build/my_pi_pkg/my_pi_pkg.egg-info to /home/amane/ros2_practice/install/my_pi_pkg/lib/python3.12/site-packages/my_pi_pkg-0.0.0-py3.12.egg-info
[1.722s] running install_scripts
[1.883s] Installing py_node script to /home/amane/ros2_practice/install/my_pi_pkg/lib/my_pi_pkg
[1.885s] writing list of installed files to '/home/amane/ros2_practice/build/my_pi_pkg/install.log'
[1.917s] Invoked command in '/home/amane/ros2_practice/src/my_pi_pkg' returned '0': PYTHONPATH=/home/amane/ros2_practice/build/my_pi_pkg/prefix_override:/usr/lib/python3/dist-packages/colcon_core/task/python/colcon_distutils_commands:/home/amane/ros2_practice/install/my_pi_pkg/lib/python3.12/site-packages:${PYTHONPATH} /usr/bin/python3 -W ignore:setup.py install is deprecated -W ignore:easy_install command is deprecated setup.py egg_info --egg-base ../../build/my_pi_pkg build --build-base /home/amane/ros2_practice/build/my_pi_pkg/build install --record /home/amane/ros2_practice/build/my_pi_pkg/install.log --single-version-externally-managed install_data
