[1.460s] Invoking command in '/home/amane/ros2_practice/src/my_pi_pkg': PYTHONPATH=/home/amane/ros2_practice/build/my_pi_pkg/prefix_override:/usr/lib/python3/dist-packages/colcon_core/task/python/colcon_distutils_commands:/home/amane/ros2_practice/install/my_pi_pkg/lib/python3.12/site-packages:${PYTHONPATH} /usr/bin/python3 -W ignore:setup.py install is deprecated -W ignore:easy_install command is deprecated setup.py egg_info --egg-base ../../build/my_pi_pkg build --build-base /home/amane/ros2_practice/build/my_pi_pkg/build install --record /home/amane/ros2_practice/build/my_pi_pkg/install.log --single-version-externally-managed install_data
[1.773s] running egg_info
[1.773s] creating ../../build/my_pi_pkg/my_pi_pkg.egg-info
[1.794s] writing ../../build/my_pi_pkg/my_pi_pkg.egg-info/PKG-INFO
[1.794s] writing dependency_links to ../../build/my_pi_pkg/my_pi_pkg.egg-info/dependency_links.txt
[1.794s] writing requirements to ../../build/my_pi_pkg/my_pi_pkg.egg-info/requires.txt
[1.795s] writing top-level names to ../../build/my_pi_pkg/my_pi_pkg.egg-info/top_level.txt
[1.795s] writing manifest file '../../build/my_pi_pkg/my_pi_pkg.egg-info/SOURCES.txt'
[1.842s] reading manifest file '../../build/my_pi_pkg/my_pi_pkg.egg-info/SOURCES.txt'
[1.843s] writing manifest file '../../build/my_pi_pkg/my_pi_pkg.egg-info/SOURCES.txt'
[1.843s] running build
[1.843s] running build_py
[1.843s] creating /home/amane/ros2_practice/build/my_pi_pkg/build
[1.844s] creating /home/amane/ros2_practice/build/my_pi_pkg/build/lib
[1.844s] creating /home/amane/ros2_practice/build/my_pi_pkg/build/lib/my_pi_pkg
[1.844s] copying my_pi_pkg/__init__.py -> /home/amane/ros2_practice/build/my_pi_pkg/build/lib/my_pi_pkg
[1.844s] running install
[1.852s] running install_lib
[1.875s] creating /home/amane/ros2_practice/install/my_pi_pkg/lib/python3.12/site-packages/my_pi_pkg
[1.875s] copying /home/amane/ros2_practice/build/my_pi_pkg/build/lib/my_pi_pkg/__init__.py -> /home/amane/ros2_practice/install/my_pi_pkg/lib/python3.12/site-packages/my_pi_pkg
[1.876s] byte-compiling /home/amane/ros2_practice/install/my_pi_pkg/lib/python3.12/site-packages/my_pi_pkg/__init__.py to __init__.cpython-312.pyc
[1.877s] running install_data
[1.877s] creating /home/amane/ros2_practice/install/my_pi_pkg/share/ament_index
[1.877s] creating /home/amane/ros2_practice/install/my_pi_pkg/share/ament_index/resource_index
[1.877s] creating /home/amane/ros2_practice/install/my_pi_pkg/share/ament_index/resource_index/packages
[1.878s] copying resource/my_pi_pkg -> /home/amane/ros2_practice/install/my_pi_pkg/share/ament_index/resource_index/packages
[1.878s] copying package.xml -> /home/amane/ros2_practice/install/my_pi_pkg/share/my_pi_pkg
[1.878s] running install_egg_info
[1.904s] Copying ../../build/my_pi_pkg/my_pi_pkg.egg-info to /home/amane/ros2_practice/install/my_pi_pkg/lib/python3.12/site-packages/my_pi_pkg-0.0.0-py3.12.egg-info
[1.905s] running install_scripts
[2.075s] writing list of installed files to '/home/amane/ros2_practice/build/my_pi_pkg/install.log'
[2.102s] Invoked command in '/home/amane/ros2_practice/src/my_pi_pkg' returned '0': PYTHONPATH=/home/amane/ros2_practice/build/my_pi_pkg/prefix_override:/usr/lib/python3/dist-packages/colcon_core/task/python/colcon_distutils_commands:/home/amane/ros2_practice/install/my_pi_pkg/lib/python3.12/site-packages:${PYTHONPATH} /usr/bin/python3 -W ignore:setup.py install is deprecated -W ignore:easy_install command is deprecated setup.py egg_info --egg-base ../../build/my_pi_pkg build --build-base /home/amane/ros2_practice/build/my_pi_pkg/build install --record /home/amane/ros2_practice/build/my_pi_pkg/install.log --single-version-externally-managed install_data
