[0.281s] DEBUG:colcon:Command line arguments: ['/usr/bin/colcon', 'build']
[0.281s] DEBUG:colcon:Parsed command line arguments: Namespace(log_base=None, log_level=None, verb_name='build', build_base='build', install_base='install', merge_install=False, symlink_install=False, test_result_base=None, continue_on_error=False, executor='parallel', parallel_workers=8, event_handlers=None, ignore_user_meta=False, metas=['./colcon.meta'], base_paths=['.'], packages_ignore=None, packages_ignore_regex=None, paths=None, packages_up_to=None, packages_up_to_regex=None, packages_above=None, packages_above_and_dependencies=None, packages_above_depth=None, packages_select_by_dep=None, packages_skip_by_dep=None, packages_skip_up_to=None, packages_select_build_failed=False, packages_skip_build_finished=False, packages_select_test_failures=False, packages_skip_test_passed=False, packages_select=None, packages_skip=None, packages_select_regex=None, packages_skip_regex=None, packages_start=None, packages_end=None, allow_overriding=[], cmake_args=None, cmake_target=None, cmake_target_skip_unavailable=False, cmake_clean_cache=False, cmake_clean_first=False, cmake_force_configure=False, ament_cmake_args=None, catkin_cmake_args=None, catkin_skip_building_tests=False, mixin_files=None, mixin=None, verb_parser=<colcon_mixin.mixin.mixin_argument.MixinArgumentDecorator object at 0x7f860f37d880>, verb_extension=<colcon_core.verb.build.BuildVerb object at 0x7f860f37d4f0>, main=<bound method BuildVerb.main of <colcon_core.verb.build.BuildVerb object at 0x7f860f37d4f0>>, mixin_verb=('build',))
[0.374s] Level 1:colcon.colcon_core.package_discovery:discover_packages(colcon_meta) check parameters
[0.374s] Level 1:colcon.colcon_core.package_discovery:discover_packages(recursive) check parameters
[0.374s] Level 1:colcon.colcon_core.package_discovery:discover_packages(ignore) check parameters
[0.374s] Level 1:colcon.colcon_core.package_discovery:discover_packages(path) check parameters
[0.374s] Level 1:colcon.colcon_core.package_discovery:discover_packages(colcon_meta) discover
[0.374s] Level 1:colcon.colcon_core.package_discovery:discover_packages(recursive) discover
[0.374s] INFO:colcon.colcon_core.package_discovery:Crawling recursively for packages in '/home/amane/ros2_practice'
[0.374s] Level 1:colcon.colcon_core.package_identification:_identify(.) by extensions ['ignore', 'ignore_ament_install']
[0.375s] Level 1:colcon.colcon_core.package_identification:_identify(.) by extension 'ignore'
[0.375s] Level 1:colcon.colcon_core.package_identification:_identify(.) by extension 'ignore_ament_install'
[0.375s] Level 1:colcon.colcon_core.package_identification:_identify(.) by extensions ['colcon_pkg']
[0.375s] Level 1:colcon.colcon_core.package_identification:_identify(.) by extension 'colcon_pkg'
[0.375s] Level 1:colcon.colcon_core.package_identification:_identify(.) by extensions ['colcon_meta']
[0.375s] Level 1:colcon.colcon_core.package_identification:_identify(.) by extension 'colcon_meta'
[0.375s] Level 1:colcon.colcon_core.package_identification:_identify(.) by extensions ['ros']
[0.375s] Level 1:colcon.colcon_core.package_identification:_identify(.) by extension 'ros'
[0.403s] Level 1:colcon.colcon_core.package_identification:_identify(.) by extensions ['cmake', 'python']
[0.404s] Level 1:colcon.colcon_core.package_identification:_identify(.) by extension 'cmake'
[0.404s] Level 1:colcon.colcon_core.package_identification:_identify(.) by extension 'python'
[0.404s] Level 1:colcon.colcon_core.package_identification:_identify(.) by extensions ['python_setup_py']
[0.404s] Level 1:colcon.colcon_core.package_identification:_identify(.) by extension 'python_setup_py'
[0.404s] Level 1:colcon.colcon_core.package_identification:_identify(build) by extensions ['ignore', 'ignore_ament_install']
[0.404s] Level 1:colcon.colcon_core.package_identification:_identify(build) by extension 'ignore'
[0.404s] Level 1:colcon.colcon_core.package_identification:_identify(build) ignored
[0.404s] Level 1:colcon.colcon_core.package_identification:_identify(install) by extensions ['ignore', 'ignore_ament_install']
[0.404s] Level 1:colcon.colcon_core.package_identification:_identify(install) by extension 'ignore'
[0.405s] Level 1:colcon.colcon_core.package_identification:_identify(install) ignored
[0.405s] Level 1:colcon.colcon_core.package_identification:_identify(log) by extensions ['ignore', 'ignore_ament_install']
[0.405s] Level 1:colcon.colcon_core.package_identification:_identify(log) by extension 'ignore'
[0.405s] Level 1:colcon.colcon_core.package_identification:_identify(log) ignored
[0.405s] Level 1:colcon.colcon_core.package_identification:_identify(src) by extensions ['ignore', 'ignore_ament_install']
[0.405s] Level 1:colcon.colcon_core.package_identification:_identify(src) by extension 'ignore'
[0.405s] Level 1:colcon.colcon_core.package_identification:_identify(src) by extension 'ignore_ament_install'
[0.405s] Level 1:colcon.colcon_core.package_identification:_identify(src) by extensions ['colcon_pkg']
[0.405s] Level 1:colcon.colcon_core.package_identification:_identify(src) by extension 'colcon_pkg'
[0.405s] Level 1:colcon.colcon_core.package_identification:_identify(src) by extensions ['colcon_meta']
[0.405s] Level 1:colcon.colcon_core.package_identification:_identify(src) by extension 'colcon_meta'
[0.405s] Level 1:colcon.colcon_core.package_identification:_identify(src) by extensions ['ros']
[0.405s] Level 1:colcon.colcon_core.package_identification:_identify(src) by extension 'ros'
[0.405s] Level 1:colcon.colcon_core.package_identification:_identify(src) by extensions ['cmake', 'python']
[0.405s] Level 1:colcon.colcon_core.package_identification:_identify(src) by extension 'cmake'
[0.405s] Level 1:colcon.colcon_core.package_identification:_identify(src) by extension 'python'
[0.406s] Level 1:colcon.colcon_core.package_identification:_identify(src) by extensions ['python_setup_py']
[0.406s] Level 1:colcon.colcon_core.package_identification:_identify(src) by extension 'python_setup_py'
[0.406s] Level 1:colcon.colcon_core.package_identification:_identify(src/my_pi_pkg) by extensions ['ignore', 'ignore_ament_install']
[0.406s] Level 1:colcon.colcon_core.package_identification:_identify(src/my_pi_pkg) by extension 'ignore'
[0.406s] Level 1:colcon.colcon_core.package_identification:_identify(src/my_pi_pkg) by extension 'ignore_ament_install'
[0.406s] Level 1:colcon.colcon_core.package_identification:_identify(src/my_pi_pkg) by extensions ['colcon_pkg']
[0.406s] Level 1:colcon.colcon_core.package_identification:_identify(src/my_pi_pkg) by extension 'colcon_pkg'
[0.406s] Level 1:colcon.colcon_core.package_identification:_identify(src/my_pi_pkg) by extensions ['colcon_meta']
[0.406s] Level 1:colcon.colcon_core.package_identification:_identify(src/my_pi_pkg) by extension 'colcon_meta'
[0.406s] Level 1:colcon.colcon_core.package_identification:_identify(src/my_pi_pkg) by extensions ['ros']
[0.406s] Level 1:colcon.colcon_core.package_identification:_identify(src/my_pi_pkg) by extension 'ros'
[0.411s] DEBUG:colcon.colcon_core.package_identification:Package 'src/my_pi_pkg' with type 'ros.ament_python' and name 'my_pi_pkg'
[0.412s] Level 1:colcon.colcon_core.package_discovery:discover_packages(recursive) using defaults
[0.412s] Level 1:colcon.colcon_core.package_discovery:discover_packages(ignore) discover
[0.412s] Level 1:colcon.colcon_core.package_discovery:discover_packages(ignore) using defaults
[0.412s] Level 1:colcon.colcon_core.package_discovery:discover_packages(path) discover
[0.412s] Level 1:colcon.colcon_core.package_discovery:discover_packages(path) using defaults
[0.444s] Level 1:colcon.colcon_core.package_discovery:discover_packages(prefix_path) check parameters
[0.444s] Level 1:colcon.colcon_core.package_discovery:discover_packages(prefix_path) discover
[0.449s] DEBUG:colcon.colcon_installed_package_information.package_discovery:Found 0 installed packages in /home/amane/ros2_practice/install
[0.451s] DEBUG:colcon.colcon_installed_package_information.package_discovery:Found 285 installed packages in /opt/ros/jazzy
[0.454s] Level 1:colcon.colcon_core.package_discovery:discover_packages(prefix_path) using defaults
[0.507s] Level 5:colcon.colcon_core.verb:set package 'my_pi_pkg' build argument 'cmake_args' from command line to 'None'
[0.507s] Level 5:colcon.colcon_core.verb:set package 'my_pi_pkg' build argument 'cmake_target' from command line to 'None'
[0.507s] Level 5:colcon.colcon_core.verb:set package 'my_pi_pkg' build argument 'cmake_target_skip_unavailable' from command line to 'False'
[0.507s] Level 5:colcon.colcon_core.verb:set package 'my_pi_pkg' build argument 'cmake_clean_cache' from command line to 'False'
[0.507s] Level 5:colcon.colcon_core.verb:set package 'my_pi_pkg' build argument 'cmake_clean_first' from command line to 'False'
[0.507s] Level 5:colcon.colcon_core.verb:set package 'my_pi_pkg' build argument 'cmake_force_configure' from command line to 'False'
[0.507s] Level 5:colcon.colcon_core.verb:set package 'my_pi_pkg' build argument 'ament_cmake_args' from command line to 'None'
[0.507s] Level 5:colcon.colcon_core.verb:set package 'my_pi_pkg' build argument 'catkin_cmake_args' from command line to 'None'
[0.507s] Level 5:colcon.colcon_core.verb:set package 'my_pi_pkg' build argument 'catkin_skip_building_tests' from command line to 'False'
[0.507s] DEBUG:colcon.colcon_core.verb:Building package 'my_pi_pkg' with the following arguments: {'ament_cmake_args': None, 'build_base': '/home/amane/ros2_practice/build/my_pi_pkg', 'catkin_cmake_args': None, 'catkin_skip_building_tests': False, 'cmake_args': None, 'cmake_clean_cache': False, 'cmake_clean_first': False, 'cmake_force_configure': False, 'cmake_target': None, 'cmake_target_skip_unavailable': False, 'install_base': '/home/amane/ros2_practice/install/my_pi_pkg', 'merge_install': False, 'path': '/home/amane/ros2_practice/src/my_pi_pkg', 'symlink_install': False, 'test_result_base': None}
[0.507s] INFO:colcon.colcon_core.executor:Executing jobs using 'parallel' executor
[0.509s] DEBUG:colcon.colcon_parallel_executor.executor.parallel:run_until_complete
[0.510s] INFO:colcon.colcon_ros.task.ament_python.build:Building ROS package in '/home/amane/ros2_practice/src/my_pi_pkg' with build type 'ament_python'
[0.510s] Level 1:colcon.colcon_core.shell:create_environment_hook('my_pi_pkg', 'ament_prefix_path')
[0.518s] INFO:colcon.colcon_core.plugin_system:Skipping extension 'colcon_core.shell.bat': Not used on non-Windows systems
[0.518s] INFO:colcon.colcon_core.shell:Creating environment hook '/home/amane/ros2_practice/install/my_pi_pkg/share/my_pi_pkg/hook/ament_prefix_path.ps1'
[0.521s] INFO:colcon.colcon_core.shell:Creating environment descriptor '/home/amane/ros2_practice/install/my_pi_pkg/share/my_pi_pkg/hook/ament_prefix_path.dsv'
[0.522s] INFO:colcon.colcon_core.shell:Creating environment hook '/home/amane/ros2_practice/install/my_pi_pkg/share/my_pi_pkg/hook/ament_prefix_path.sh'
[0.523s] INFO:colcon.colcon_core.shell:Skip shell extension 'powershell' for command environment: Not usable outside of PowerShell
[0.523s] DEBUG:colcon.colcon_core.shell:Skip shell extension 'dsv' for command environment
[0.802s] INFO:colcon.colcon_core.task.python.build:Building Python package in '/home/amane/ros2_practice/src/my_pi_pkg'
[0.803s] INFO:colcon.colcon_core.shell:Skip shell extension 'powershell' for command environment: Not usable outside of PowerShell
[0.803s] DEBUG:colcon.colcon_core.shell:Skip shell extension 'dsv' for command environment
[1.971s] DEBUG:colcon.colcon_core.event_handler.log_command:Invoking command in '/home/amane/ros2_practice/src/my_pi_pkg': PYTHONPATH=/home/amane/ros2_practice/build/my_pi_pkg/prefix_override:/usr/lib/python3/dist-packages/colcon_core/task/python/colcon_distutils_commands:/home/amane/ros2_practice/install/my_pi_pkg/lib/python3.12/site-packages:${PYTHONPATH} /usr/bin/python3 -W ignore:setup.py install is deprecated -W ignore:easy_install command is deprecated setup.py egg_info --egg-base ../../build/my_pi_pkg build --build-base /home/amane/ros2_practice/build/my_pi_pkg/build install --record /home/amane/ros2_practice/build/my_pi_pkg/install.log --single-version-externally-managed install_data
[2.612s] DEBUG:colcon.colcon_core.event_handler.log_command:Invoked command in '/home/amane/ros2_practice/src/my_pi_pkg' returned '0': PYTHONPATH=/home/amane/ros2_practice/build/my_pi_pkg/prefix_override:/usr/lib/python3/dist-packages/colcon_core/task/python/colcon_distutils_commands:/home/amane/ros2_practice/install/my_pi_pkg/lib/python3.12/site-packages:${PYTHONPATH} /usr/bin/python3 -W ignore:setup.py install is deprecated -W ignore:easy_install command is deprecated setup.py egg_info --egg-base ../../build/my_pi_pkg build --build-base /home/amane/ros2_practice/build/my_pi_pkg/build install --record /home/amane/ros2_practice/build/my_pi_pkg/install.log --single-version-externally-managed install_data
[2.620s] Level 1:colcon.colcon_core.environment:checking '/home/amane/ros2_practice/install/my_pi_pkg' for CMake module files
[2.621s] Level 1:colcon.colcon_core.environment:checking '/home/amane/ros2_practice/install/my_pi_pkg' for CMake config files
[2.621s] Level 1:colcon.colcon_core.environment:checking '/home/amane/ros2_practice/install/my_pi_pkg/lib'
[2.622s] Level 1:colcon.colcon_core.environment:checking '/home/amane/ros2_practice/install/my_pi_pkg/bin'
[2.622s] Level 1:colcon.colcon_core.environment:checking '/home/amane/ros2_practice/install/my_pi_pkg/lib/pkgconfig/my_pi_pkg.pc'
[2.622s] Level 1:colcon.colcon_core.environment:checking '/home/amane/ros2_practice/install/my_pi_pkg/lib/python3.12/site-packages'
[2.622s] Level 1:colcon.colcon_core.shell:create_environment_hook('my_pi_pkg', 'pythonpath')
[2.623s] INFO:colcon.colcon_core.shell:Creating environment hook '/home/amane/ros2_practice/install/my_pi_pkg/share/my_pi_pkg/hook/pythonpath.ps1'
[2.623s] INFO:colcon.colcon_core.shell:Creating environment descriptor '/home/amane/ros2_practice/install/my_pi_pkg/share/my_pi_pkg/hook/pythonpath.dsv'
[2.624s] INFO:colcon.colcon_core.shell:Creating environment hook '/home/amane/ros2_practice/install/my_pi_pkg/share/my_pi_pkg/hook/pythonpath.sh'
[2.624s] Level 1:colcon.colcon_core.environment:checking '/home/amane/ros2_practice/install/my_pi_pkg/bin'
[2.624s] Level 1:colcon.colcon_core.environment:create_environment_scripts_only(my_pi_pkg)
[2.625s] INFO:colcon.colcon_core.shell:Creating package script '/home/amane/ros2_practice/install/my_pi_pkg/share/my_pi_pkg/package.ps1'
[2.626s] INFO:colcon.colcon_core.shell:Creating package descriptor '/home/amane/ros2_practice/install/my_pi_pkg/share/my_pi_pkg/package.dsv'
[2.627s] INFO:colcon.colcon_core.shell:Creating package script '/home/amane/ros2_practice/install/my_pi_pkg/share/my_pi_pkg/package.sh'
[2.628s] INFO:colcon.colcon_core.shell:Creating package script '/home/amane/ros2_practice/install/my_pi_pkg/share/my_pi_pkg/package.bash'
[2.629s] INFO:colcon.colcon_core.shell:Creating package script '/home/amane/ros2_practice/install/my_pi_pkg/share/my_pi_pkg/package.zsh'
[2.630s] Level 1:colcon.colcon_core.environment:create_file_with_runtime_dependencies(/home/amane/ros2_practice/install/my_pi_pkg/share/colcon-core/packages/my_pi_pkg)
[2.631s] DEBUG:colcon.colcon_parallel_executor.executor.parallel:closing loop
[2.632s] DEBUG:colcon.colcon_parallel_executor.executor.parallel:loop closed
[2.632s] DEBUG:colcon.colcon_parallel_executor.executor.parallel:run_until_complete finished with '0'
[2.633s] DEBUG:colcon.colcon_core.event_reactor:joining thread
[2.693s] INFO:colcon.colcon_core.plugin_system:Skipping extension 'colcon_notification.desktop_notification.notify_send': Could not find 'notify-send'
[2.693s] INFO:colcon.colcon_core.plugin_system:Skipping extension 'colcon_notification.desktop_notification.terminal_notifier': Not used on non-Darwin systems
[2.693s] INFO:colcon.colcon_core.plugin_system:Skipping extension 'colcon_notification.desktop_notification.win32': Not used on non-Windows systems
[2.694s] INFO:colcon.colcon_notification.desktop_notification:Sending desktop notification using 'notify2'
[2.698s] DEBUG:colcon.colcon_notification.desktop_notification.notify2:Failed to initialize notify2: org.freedesktop.DBus.Error.ServiceUnknown: The name org.freedesktop.Notifications was not provided by any .service files
[2.698s] DEBUG:colcon.colcon_core.event_reactor:joined thread
[2.699s] INFO:colcon.colcon_core.shell:Creating prefix script '/home/amane/ros2_practice/install/local_setup.ps1'
[2.700s] INFO:colcon.colcon_core.shell:Creating prefix util module '/home/amane/ros2_practice/install/_local_setup_util_ps1.py'
[2.701s] INFO:colcon.colcon_core.shell:Creating prefix chain script '/home/amane/ros2_practice/install/setup.ps1'
[2.703s] INFO:colcon.colcon_core.shell:Creating prefix script '/home/amane/ros2_practice/install/local_setup.sh'
[2.704s] INFO:colcon.colcon_core.shell:Creating prefix util module '/home/amane/ros2_practice/install/_local_setup_util_sh.py'
[2.705s] INFO:colcon.colcon_core.shell:Creating prefix chain script '/home/amane/ros2_practice/install/setup.sh'
[2.706s] INFO:colcon.colcon_core.shell:Creating prefix script '/home/amane/ros2_practice/install/local_setup.bash'
[2.707s] INFO:colcon.colcon_core.shell:Creating prefix chain script '/home/amane/ros2_practice/install/setup.bash'
[2.708s] INFO:colcon.colcon_core.shell:Creating prefix script '/home/amane/ros2_practice/install/local_setup.zsh'
[2.710s] INFO:colcon.colcon_core.shell:Creating prefix chain script '/home/amane/ros2_practice/install/setup.zsh'
