[0.967s] Invoking command in '/home/amane/ros2_practice/src/my_pi_pkg': PYTHONPATH=/home/amane/ros2_practice/build/my_pi_pkg/prefix_override:/usr/lib/python3/dist-packages/colcon_core/task/python/colcon_distutils_commands:/home/amane/ros2_practice/install/my_pi_pkg/lib/python3.12/site-packages:${PYTHONPATH} /usr/bin/python3 -W ignore:setup.py install is deprecated -W ignore:easy_install command is deprecated setup.py egg_info --egg-base ../../build/my_pi_pkg build --build-base /home/amane/ros2_practice/build/my_pi_pkg/build install --record /home/amane/ros2_practice/build/my_pi_pkg/install.log --single-version-externally-managed install_data
[1.292s] running egg_info
[1.315s] writing ../../build/my_pi_pkg/my_pi_pkg.egg-info/PKG-INFO
[1.315s] writing dependency_links to ../../build/my_pi_pkg/my_pi_pkg.egg-info/dependency_links.txt
[1.315s] writing entry points to ../../build/my_pi_pkg/my_pi_pkg.egg-info/entry_points.txt
[1.316s] writing requirements to ../../build/my_pi_pkg/my_pi_pkg.egg-info/requires.txt
[1.316s] writing top-level names to ../../build/my_pi_pkg/my_pi_pkg.egg-info/top_level.txt
[1.366s] reading manifest file '../../build/my_pi_pkg/my_pi_pkg.egg-info/SOURCES.txt'
[1.367s] writing manifest file '../../build/my_pi_pkg/my_pi_pkg.egg-info/SOURCES.txt'
[1.368s] running build
[1.368s] running build_py
[1.368s] copying my_pi_pkg/my_first_node.py -> /home/amane/ros2_practice/build/my_pi_pkg/build/lib/my_pi_pkg
[1.368s] running install
[1.375s] running install_lib
[1.396s] copying /home/amane/ros2_practice/build/my_pi_pkg/build/lib/my_pi_pkg/my_first_node.py -> /home/amane/ros2_practice/install/my_pi_pkg/lib/python3.12/site-packages/my_pi_pkg
[1.397s] byte-compiling /home/amane/ros2_practice/install/my_pi_pkg/lib/python3.12/site-packages/my_pi_pkg/my_first_node.py to my_first_node.cpython-312.pyc
[1.399s]   File "/home/amane/ros2_practice/install/my_pi_pkg/lib/python3.12/site-packages/my_pi_pkg/my_first_node.py", line 14
[1.399s]     self.get_logger().info("Hello"  str(self.counter_))
[1.399s]                            ^^^^^^^^^^^^^^^^^^^^^^^^^^^
[1.399s] SyntaxError: invalid syntax. Perhaps you forgot a comma?
[1.399s] 
[1.399s] running install_data
[1.399s] running install_egg_info
[1.429s] removing '/home/amane/ros2_practice/install/my_pi_pkg/lib/python3.12/site-packages/my_pi_pkg-0.0.0-py3.12.egg-info' (and everything under it)
[1.429s] Copying ../../build/my_pi_pkg/my_pi_pkg.egg-info to /home/amane/ros2_practice/install/my_pi_pkg/lib/python3.12/site-packages/my_pi_pkg-0.0.0-py3.12.egg-info
[1.431s] running install_scripts
[1.591s] Installing py_node script to /home/amane/ros2_practice/install/my_pi_pkg/lib/my_pi_pkg
[1.591s] writing list of installed files to '/home/amane/ros2_practice/build/my_pi_pkg/install.log'
[1.636s] Invoked command in '/home/amane/ros2_practice/src/my_pi_pkg' returned '0': PYTHONPATH=/home/amane/ros2_practice/build/my_pi_pkg/prefix_override:/usr/lib/python3/dist-packages/colcon_core/task/python/colcon_distutils_commands:/home/amane/ros2_practice/install/my_pi_pkg/lib/python3.12/site-packages:${PYTHONPATH} /usr/bin/python3 -W ignore:setup.py install is deprecated -W ignore:easy_install command is deprecated setup.py egg_info --egg-base ../../build/my_pi_pkg build --build-base /home/amane/ros2_practice/build/my_pi_pkg/build install --record /home/amane/ros2_practice/build/my_pi_pkg/install.log --single-version-externally-managed install_data
